0 info it worked if it ends with ok
1 verbose cli [ 'D:\\programs\\node\\\\node.exe',
1 verbose cli   'D:\\programs\\node\\node_modules\\npm\\bin\\npm-cli.js',
1 verbose cli   'link' ]
2 info using npm@2.10.1
3 info using node@v0.12.4
4 verbose linkPkg D:\weblocal\goldlife\www
5 verbose stack Error: ENOENT, open 'D:\weblocal\goldlife\www\package.json'
5 verbose stack     at Error (native)
6 verbose cwd D:\weblocal\goldlife\www
7 error Windows_NT 6.1.7601
8 error argv "D:\\programs\\node\\\\node.exe" "D:\\programs\\node\\node_modules\\npm\\bin\\npm-cli.js" "link"
9 error node v0.12.4
10 error npm  v2.10.1
11 error path D:\weblocal\goldlife\www\package.json
12 error code ENOENT
13 error errno -4058
14 error enoent ENOENT, open 'D:\weblocal\goldlife\www\package.json'
14 error enoent This is most likely not a problem with npm itself
14 error enoent and is related to npm not being able to find a file.
15 verbose exit [ -4058, true ]
