[2015-07-19 18-05-56] HTTP code 404: Cannot load presenter 'Www', class 'App\Presenters\WwwPresenter' was not found. in /web/htdocs1/sagoldlifecom/home/vendor/nette/application/src/Application/Application.php:127  @  http://sagoldlife.com/www 
[2015-07-19 18-26-14] HTTP code 404: Cannot load presenter 'Www', class 'App\Presenters\WwwPresenter' was not found. in /web/htdocs1/sagoldlifecom/home/vendor/nette/application/src/Application/Application.php:127  @  http://sagoldlife.com/www 
[2015-07-19 18-26-19] HTTP code 404: Cannot load presenter 'Www', class 'App\Presenters\WwwPresenter' was not found. in /web/htdocs1/sagoldlifecom/home/vendor/nette/application/src/Application/Application.php:127  @  http://sagoldlife.com/www/activity/show 
[2015-07-20 00-54-52] HTTP code 404: Cannot load presenter 'WpLogin:Php', class 'App\WpLoginModule\Presenters\PhpPresenter' was not found. in /web/htdocs1/sagoldlifecom/home/vendor/nette/application/src/Application/Application.php:127  @  http://sagoldlife.com/wp-login.php 
[2015-07-20 00-54-53] HTTP code 404: Cannot load presenter 'Administrator', class 'App\Presenters\AdministratorPresenter' was not found. in /web/htdocs1/sagoldlifecom/home/vendor/nette/application/src/Application/Application.php:127  @  http://sagoldlife.com/administrator/ 
[2015-07-20 00-54-53] HTTP code 404: Cannot load presenter 'Admin:Php', class 'App\AdminModule\Presenters\PhpPresenter' was not found. in /web/htdocs1/sagoldlifecom/home/vendor/nette/application/src/Application/Application.php:127  @  http://sagoldlife.com/admin.php 
[2015-07-21 05-41-07] HTTP code 404: Cannot load presenter 'Admin:Php', class 'App\AdminModule\Presenters\PhpPresenter' was not found. in /web/htdocs1/sagoldlifecom/home/vendor/nette/application/src/Application/Application.php:127  @  http://sagoldlife.com/admin.php 
[2015-07-21 05-41-07] HTTP code 404: No route for HTTP request. in /web/htdocs1/sagoldlifecom/home/vendor/nette/application/src/Application/Application.php:117  @  http://sagoldlife.com/administrator/index.php 
[2015-07-21 05-41-07] HTTP code 404: Cannot load presenter 'WpLogin:Php', class 'App\WpLoginModule\Presenters\PhpPresenter' was not found. in /web/htdocs1/sagoldlifecom/home/vendor/nette/application/src/Application/Application.php:127  @  http://sagoldlife.com/wp-login.php 
[2015-07-22 01-45-00] HTTP code 404: Cannot load presenter 'M', class 'App\Presenters\MPresenter' was not found. in /web/htdocs1/sagoldlifecom/home/vendor/nette/application/src/Application/Application.php:127  @  http://sagoldlife.com/m/ 
[2015-07-22 01-47-31] HTTP code 404: Cannot load presenter 'Mobile', class 'App\Presenters\MobilePresenter' was not found. in /web/htdocs1/sagoldlifecom/home/vendor/nette/application/src/Application/Application.php:127  @  http://sagoldlife.com/mobile/ 
[2015-07-27 12-49-33] HTTP code 404: Page not found. Missing template '…/htdocs1/sagoldlifecom/home/app/presenters/templates/Gallery/show.latte'. in /web/htdocs1/sagoldlifecom/home/vendor/nette/application/src/Application/UI/Presenter.php:690  @  http://sagoldlife.com/gallery/show 
[2015-07-27 12-49-44] HTTP code 404: Page not found. Missing template '…/htdocs1/sagoldlifecom/home/app/presenters/templates/Gallery/show.latte'. in /web/htdocs1/sagoldlifecom/home/vendor/nette/application/src/Application/UI/Presenter.php:690  @  http://sagoldlife.com/gallery/show 
[2015-07-27 12-51-45] HTTP code 404: Page not found. Missing template '…/htdocs1/sagoldlifecom/home/app/presenters/templates/Gallery/show.latte'. in /web/htdocs1/sagoldlifecom/home/vendor/nette/application/src/Application/UI/Presenter.php:690  @  http://sagoldlife.com/gallery/show 
[2015-07-27 12-51-57] HTTP code 404: Page not found. Missing template '…/htdocs1/sagoldlifecom/home/app/presenters/templates/Gallery/show.latte'. in /web/htdocs1/sagoldlifecom/home/vendor/nette/application/src/Application/UI/Presenter.php:690  @  http://sagoldlife.com/gallery/show 
[2015-07-27 12-54-05] HTTP code 404: Page not found. Missing template '…/htdocs1/sagoldlifecom/home/app/presenters/templates/Gallery/show.latte'. in /web/htdocs1/sagoldlifecom/home/vendor/nette/application/src/Application/UI/Presenter.php:690  @  http://sagoldlife.com/gallery/show 
[2015-07-27 12-54-10] HTTP code 404: Page not found. Missing template '…/htdocs1/sagoldlifecom/home/app/presenters/templates/Gallery/show.latte'. in /web/htdocs1/sagoldlifecom/home/vendor/nette/application/src/Application/UI/Presenter.php:690  @  http://sagoldlife.com/gallery/show 
[2015-07-27 15-34-48] HTTP code 404: Page not found. Missing template '…/htdocs1/sagoldlifecom/home/app/presenters/templates/Gallery/show.latte'. in /web/htdocs1/sagoldlifecom/home/vendor/nette/application/src/Application/UI/Presenter.php:690  @  http://sagoldlife.com/gallery/show 
[2015-07-27 15-40-40] HTTP code 404: Page not found. Missing template '…/htdocs1/sagoldlifecom/home/app/presenters/templates/Gallery/show.latte'. in /web/htdocs1/sagoldlifecom/home/vendor/nette/application/src/Application/UI/Presenter.php:690  @  http://sagoldlife.com/gallery/show 
[2015-07-27 15-43-19] HTTP code 404: Page not found. Missing template '…/htdocs1/sagoldlifecom/home/app/presenters/templates/Gallery/show.latte'. in /web/htdocs1/sagoldlifecom/home/vendor/nette/application/src/Application/UI/Presenter.php:690  @  http://sagoldlife.com/gallery/show 
